<?xml version="1.0" encoding="utf-8"?><testsuites name="pytest tests"><testsuite name="pytest" errors="0" failures="0" skipped="3" tests="28" time="2.446" timestamp="2025-09-15T04:58:27.878527+00:00" hostname="runnervmf4ws1"><testcase classname="tests.test_ai_poc_validation.TestAIPoCValidationFramework" name="test_complete_validation_workflow" time="0.001"><skipped type="pytest.skip" message="scikit-learn not available">/home/runner/work/bioart/bioart/tests/test_ai_poc_validation.py:190: scikit-learn not available</skipped></testcase><testcase classname="tests.test_ai_poc_validation.TestAIPoCValidationFramework" name="test_integration_with_bioart_patterns" time="0.001" /><testcase classname="tests.test_ai_poc_validation.TestAIPoCValidationFramework" name="test_operational_validation_performance" time="0.001"><skipped type="pytest.skip" message="scikit-learn not available">/home/runner/work/bioart/bioart/tests/test_ai_poc_validation.py:107: scikit-learn not available</skipped></testcase><testcase classname="tests.test_ai_poc_validation.TestAIPoCValidationFramework" name="test_strategic_validation_criteria" time="0.001" /><testcase classname="tests.test_ai_poc_validation.TestAIPoCValidationFramework" name="test_technical_validation_pipeline" time="0.001"><skipped type="pytest.skip" message="scikit-learn not available">/home/runner/work/bioart/bioart/tests/test_ai_poc_validation.py:77: scikit-learn not available</skipped></testcase><testcase classname="tests.test_ai_poc_validation.TestAIPoCValidationFramework" name="test_validation_checklist_structure" time="0.001" /><testcase classname="tests.test_enhanced_features.TestEnhancedErrorCorrection" name="test_biological_mutation_simulation" time="0.001" /><testcase classname="tests.test_enhanced_features.TestEnhancedErrorCorrection" name="test_enhanced_encoding_decoding" time="0.008" /><testcase classname="tests.test_enhanced_features.TestEnhancedErrorCorrection" name="test_environmental_conditions" time="0.001" /><testcase classname="tests.test_enhanced_features.TestEnhancedErrorCorrection" name="test_error_monitoring" time="0.001" /><testcase classname="tests.test_enhanced_features.TestEnhancedErrorCorrection" name="test_hamming_error_correction" time="0.001" /><testcase classname="tests.test_enhanced_features.TestEnhancedErrorCorrection" name="test_specific_mutation_types" time="0.001" /><testcase classname="tests.test_enhanced_features.TestEnhancedInstructionSet" name="test_complex_instruction_lookups" time="0.001" /><testcase classname="tests.test_enhanced_features.TestEnhancedInstructionSet" name="test_dna_sequence_mapping" time="0.001" /><testcase classname="tests.test_enhanced_features.TestEnhancedInstructionSet" name="test_instruction_statistics" time="0.001" /><testcase classname="tests.test_enhanced_features.TestEnhancedInstructionSet" name="test_new_instruction_types" time="0.001" /><testcase classname="tests.test_enhanced_features.TestEnhancedSynthesisSystem" name="test_comprehensive_statistics" time="0.002" /><testcase classname="tests.test_enhanced_features.TestEnhancedSynthesisSystem" name="test_cost_calculation" time="0.001" /><testcase classname="tests.test_enhanced_features.TestEnhancedSynthesisSystem" name="test_enhanced_sequence_validation" time="0.001" /><testcase classname="tests.test_enhanced_features.TestEnhancedSynthesisSystem" name="test_job_submission_with_testing" time="0.001" /><testcase classname="tests.test_enhanced_features.TestEnhancedSynthesisSystem" name="test_platform_comparison" time="0.001" /><testcase classname="tests.test_enhanced_features.TestEnhancedSynthesisSystem" name="test_platform_selection" time="0.001" /><testcase classname="tests.test_enhanced_features.TestEnhancedSynthesisSystem" name="test_quality_metrics_generation" time="0.001" /><testcase classname="tests.test_enhanced_features.TestEnhancedSynthesisSystem" name="test_secondary_structure_detection" time="0.001" /><testcase classname="tests.test_enhanced_features.TestEnhancedSynthesisSystem" name="test_testing_protocols" time="0.001" /><testcase classname="tests.test_enhanced_features.TestIntegrationFeatures" name="test_comprehensive_workflow" time="0.006" /><testcase classname="tests.test_enhanced_features.TestIntegrationFeatures" name="test_error_correction_with_synthesis" time="0.005" /><testcase classname="tests.test_enhanced_features.TestIntegrationFeatures" name="test_instruction_set_with_biological_operations" time="0.001" /></testsuite></testsuites>